
[0;36mâ•â•â•â•â•â•â•â•â•â•â•â•â•â•â•â•â•â•â•â•â•â•â•â•â•â•â•â•â•â•â•â•â•â•â•â•â•â•â•â•[0m
[0;36m  Step 0: Validating Prerequisites[0m
[0;36mâ•â•â•â•â•â•â•â•â•â•â•â•â•â•â•â•â•â•â•â•â•â•â•â•â•â•â•â•â•â•â•â•â•â•â•â•â•â•â•â•[0m
[0;32m[SUCCESS][0m All required tools found
[0;32m[SUCCESS][0m SiliconData credentials configured
[0;32m[SUCCESS][0m Vast.ai API key configured

[0;36mâ•â•â•â•â•â•â•â•â•â•â•â•â•â•â•â•â•â•â•â•â•â•â•â•â•â•â•â•â•â•â•â•â•â•â•â•â•â•â•â•[0m
[0;36m  Step 1: Get Machine ID[0m
[0;36mâ•â•â•â•â•â•â•â•â•â•â•â•â•â•â•â•â•â•â•â•â•â•â•â•â•â•â•â•â•â•â•â•â•â•â•â•â•â•â•â•[0m
[0;34m[INFO][0m Using machine ID from argument: 33686
[0;32m[SUCCESS][0m Target machine ID: 33686

[0;36mâ•â•â•â•â•â•â•â•â•â•â•â•â•â•â•â•â•â•â•â•â•â•â•â•â•â•â•â•â•â•â•â•â•â•â•â•â•â•â•â•[0m
[0;36m  Step 2: Finding Offer for Machine 33686[0m
[0;36mâ•â•â•â•â•â•â•â•â•â•â•â•â•â•â•â•â•â•â•â•â•â•â•â•â•â•â•â•â•â•â•â•â•â•â•â•â•â•â•â•[0m
[0;34m[INFO][0m Searching for available offers on machine 33686...
[0;32m[SUCCESS][0m Found offer:
  [0;36mOffer ID:[0m     28160557
  [0;36mGPU:[0m          1 x A100 SXM4
  [0;36mDLPerf:[0m       129.36198362294027
  [0;36mPrice:[0m        $1.6013888888888888/hr
  [0;36mLocation:[0m     Czechia, CZ
  [0;36mHost ID:[0m      125728
[0;34m[INFO][0m Proceeding automatically to rent this instance...

[0;36mâ•â•â•â•â•â•â•â•â•â•â•â•â•â•â•â•â•â•â•â•â•â•â•â•â•â•â•â•â•â•â•â•â•â•â•â•â•â•â•â•[0m
[0;36m  Step 3: Creating SiliconMark Job[0m
[0;36mâ•â•â•â•â•â•â•â•â•â•â•â•â•â•â•â•â•â•â•â•â•â•â•â•â•â•â•â•â•â•â•â•â•â•â•â•â•â•â•â•[0m
[0;34m[INFO][0m Job name: quickmark-machine-33686-20251201-192552
[0;34m[INFO][0m Logging into SiliconData as tojaigupta@gmail.com...
[0;32m[SUCCESS][0m Got SiliconData auth token
[0;34m[INFO][0m Creating SiliconMark job...
[0;32m[SUCCESS][0m SiliconMark job created
  [0;36mJob ID:[0m    1995665778585772032
  [0;36mAPI Key:[0m   eyJhbGciOiJIUzI1NiIsImtpZCI6IlNpbGljb25f...

[0;36mâ•â•â•â•â•â•â•â•â•â•â•â•â•â•â•â•â•â•â•â•â•â•â•â•â•â•â•â•â•â•â•â•â•â•â•â•â•â•â•â•[0m
[0;36m  Step 4: Creating Vast.ai Instance[0m
[0;36mâ•â•â•â•â•â•â•â•â•â•â•â•â•â•â•â•â•â•â•â•â•â•â•â•â•â•â•â•â•â•â•â•â•â•â•â•â•â•â•â•[0m
[0;34m[INFO][0m Creating instance from offer 28160557...
[0;34m[INFO][0m Using image: vastai/pytorch
failed with error 429: (no detail message supplied)
jq: parse error: Invalid literal at line 1, column 7
