
[0;36mâ•â•â•â•â•â•â•â•â•â•â•â•â•â•â•â•â•â•â•â•â•â•â•â•â•â•â•â•â•â•â•â•â•â•â•â•â•â•â•â•[0m
[0;36m  Step 0: Validating Prerequisites[0m
[0;36mâ•â•â•â•â•â•â•â•â•â•â•â•â•â•â•â•â•â•â•â•â•â•â•â•â•â•â•â•â•â•â•â•â•â•â•â•â•â•â•â•[0m
[0;32m[SUCCESS][0m All required tools found
[0;32m[SUCCESS][0m SiliconData credentials configured
[0;32m[SUCCESS][0m Vast.ai API key configured

[0;36mâ•â•â•â•â•â•â•â•â•â•â•â•â•â•â•â•â•â•â•â•â•â•â•â•â•â•â•â•â•â•â•â•â•â•â•â•â•â•â•â•[0m
[0;36m  Step 1: Get Machine ID[0m
[0;36mâ•â•â•â•â•â•â•â•â•â•â•â•â•â•â•â•â•â•â•â•â•â•â•â•â•â•â•â•â•â•â•â•â•â•â•â•â•â•â•â•[0m
[0;34m[INFO][0m Using machine ID from argument: 42313
[0;32m[SUCCESS][0m Target machine ID: 42313

[0;36mâ•â•â•â•â•â•â•â•â•â•â•â•â•â•â•â•â•â•â•â•â•â•â•â•â•â•â•â•â•â•â•â•â•â•â•â•â•â•â•â•[0m
[0;36m  Step 2: Finding Offer for Machine 42313[0m
[0;36mâ•â•â•â•â•â•â•â•â•â•â•â•â•â•â•â•â•â•â•â•â•â•â•â•â•â•â•â•â•â•â•â•â•â•â•â•â•â•â•â•[0m
[0;34m[INFO][0m Searching for available offers on machine 42313...
[0;32m[SUCCESS][0m Found offer:
  [0;36mOffer ID:[0m     28357776
  [0;36mGPU:[0m          4 x A100 SXM4
  [0;36mDLPerf:[0m       381.36855793347587
  [0;36mPrice:[0m        $2.4547222222222227/hr
  [0;36mLocation:[0m     Georgia, US
  [0;36mHost ID:[0m      195410
[0;34m[INFO][0m Proceeding automatically to rent this instance...

[0;36mâ•â•â•â•â•â•â•â•â•â•â•â•â•â•â•â•â•â•â•â•â•â•â•â•â•â•â•â•â•â•â•â•â•â•â•â•â•â•â•â•[0m
[0;36m  Step 3: Creating SiliconMark Job[0m
[0;36mâ•â•â•â•â•â•â•â•â•â•â•â•â•â•â•â•â•â•â•â•â•â•â•â•â•â•â•â•â•â•â•â•â•â•â•â•â•â•â•â•[0m
[0;34m[INFO][0m Job name: quickmark-machine-42313-20251201-192552
[0;34m[INFO][0m Logging into SiliconData as tojaigupta@gmail.com...
[0;32m[SUCCESS][0m Got SiliconData auth token
[0;34m[INFO][0m Creating SiliconMark job...
[0;32m[SUCCESS][0m SiliconMark job created
  [0;36mJob ID:[0m    1995665778522857472
  [0;36mAPI Key:[0m   eyJhbGciOiJIUzI1NiIsImtpZCI6IlNpbGljb25f...

[0;36mâ•â•â•â•â•â•â•â•â•â•â•â•â•â•â•â•â•â•â•â•â•â•â•â•â•â•â•â•â•â•â•â•â•â•â•â•â•â•â•â•[0m
[0;36m  Step 4: Creating Vast.ai Instance[0m
[0;36mâ•â•â•â•â•â•â•â•â•â•â•â•â•â•â•â•â•â•â•â•â•â•â•â•â•â•â•â•â•â•â•â•â•â•â•â•â•â•â•â•[0m
[0;34m[INFO][0m Creating instance from offer 28357776...
[0;34m[INFO][0m Using image: vastai/pytorch
{
 "new_contract": 28411433,
 "success": true
}
[0;32m[SUCCESS][0m Instance created: 28411433

[0;36mâ•â•â•â•â•â•â•â•â•â•â•â•â•â•â•â•â•â•â•â•â•â•â•â•â•â•â•â•â•â•â•â•â•â•â•â•â•â•â•â•[0m
[0;36m  Step 5: Waiting for Instance to be Ready[0m
[0;36mâ•â•â•â•â•â•â•â•â•â•â•â•â•â•â•â•â•â•â•â•â•â•â•â•â•â•â•â•â•â•â•â•â•â•â•â•â•â•â•â•[0m
  Status: [1;33munknown[0m (waited 0s)
  Status: [1;33munknown[0m (waited 10s)
  Status: [1;33mloading[0m (waited 20s)
  Status: [1;33mloading[0m (waited 30s)
  Status: [1;33mloading[0m (waited 40s)
  Status: [1;33mloading[0m (waited 50s)
  Status: [1;33mloading[0m (waited 60s)
  Status: [1;33mloading[0m (waited 70s)
  Status: [1;33mloading[0m (waited 80s)
  Status: [1;33mloading[0m (waited 90s)
  Status: [1;33mloading[0m (waited 100s)
  Status: [1;33mloading[0m (waited 110s)
  Status: [1;33mloading[0m (waited 120s)
  Status: [1;33mloading[0m (waited 130s)
  Status: [1;33mloading[0m (waited 140s)
  Status: [1;33mloading[0m (waited 150s)
  Status: [1;33mloading[0m (waited 160s)
  Status: [1;33mloading[0m (waited 170s)
  Status: [1;33mloading[0m (waited 180s)
  Status: [1;33mloading[0m (waited 190s)
  Status: [1;33mloading[0m (waited 200s)
  Status: [1;33mloading[0m (waited 210s)
  Status: [1;33mloading[0m (waited 220s)
  Status: [1;33mloading[0m (waited 230s)
  Status: [1;33mloading[0m (waited 240s)
  Status: [1;33mloading[0m (waited 250s)
  Status: [1;33mloading[0m (waited 260s)
  Status: [1;33mloading[0m (waited 270s)
  Status: [1;33mloading[0m (waited 280s)
  Status: [1;33mloading[0m (waited 290s)
[0;31m[ERROR][0m Timeout waiting for instance to start
[1;33m[WARN][0m Cleaning up: destroying instance 28411433...
null
