
[0;36mâ•â•â•â•â•â•â•â•â•â•â•â•â•â•â•â•â•â•â•â•â•â•â•â•â•â•â•â•â•â•â•â•â•â•â•â•â•â•â•â•[0m
[0;36m  Step 0: Validating Prerequisites[0m
[0;36mâ•â•â•â•â•â•â•â•â•â•â•â•â•â•â•â•â•â•â•â•â•â•â•â•â•â•â•â•â•â•â•â•â•â•â•â•â•â•â•â•[0m
[0;32m[SUCCESS][0m All required tools found
[0;32m[SUCCESS][0m SiliconData credentials configured
[0;32m[SUCCESS][0m Vast.ai API key configured

[0;36mâ•â•â•â•â•â•â•â•â•â•â•â•â•â•â•â•â•â•â•â•â•â•â•â•â•â•â•â•â•â•â•â•â•â•â•â•â•â•â•â•[0m
[0;36m  Step 1: Get Machine ID[0m
[0;36mâ•â•â•â•â•â•â•â•â•â•â•â•â•â•â•â•â•â•â•â•â•â•â•â•â•â•â•â•â•â•â•â•â•â•â•â•â•â•â•â•[0m
[0;34m[INFO][0m Using machine ID from argument: 11611
[0;32m[SUCCESS][0m Target machine ID: 11611

[0;36mâ•â•â•â•â•â•â•â•â•â•â•â•â•â•â•â•â•â•â•â•â•â•â•â•â•â•â•â•â•â•â•â•â•â•â•â•â•â•â•â•[0m
[0;36m  Step 2: Finding Offer for Machine 11611[0m
[0;36mâ•â•â•â•â•â•â•â•â•â•â•â•â•â•â•â•â•â•â•â•â•â•â•â•â•â•â•â•â•â•â•â•â•â•â•â•â•â•â•â•[0m
[0;34m[INFO][0m Searching for available offers on machine 11611...
[0;32m[SUCCESS][0m Found offer:
  [0;36mOffer ID:[0m     7041910
  [0;36mGPU:[0m          1 x A100 SXM4
  [0;36mDLPerf:[0m       114.86480076602817
  [0;36mPrice:[0m        $0.7356481481481482/hr
  [0;36mLocation:[0m     Czechia, CZ
  [0;36mHost ID:[0m      60897
[0;34m[INFO][0m Proceeding automatically to rent this instance...

[0;36mâ•â•â•â•â•â•â•â•â•â•â•â•â•â•â•â•â•â•â•â•â•â•â•â•â•â•â•â•â•â•â•â•â•â•â•â•â•â•â•â•[0m
[0;36m  Step 3: Creating SiliconMark Job[0m
[0;36mâ•â•â•â•â•â•â•â•â•â•â•â•â•â•â•â•â•â•â•â•â•â•â•â•â•â•â•â•â•â•â•â•â•â•â•â•â•â•â•â•[0m
[0;34m[INFO][0m Job name: quickmark-machine-11611-20251201-192552
[0;34m[INFO][0m Logging into SiliconData as tojaigupta@gmail.com...
[0;32m[SUCCESS][0m Got SiliconData auth token
[0;34m[INFO][0m Creating SiliconMark job...
[0;32m[SUCCESS][0m SiliconMark job created
  [0;36mJob ID:[0m    1995665777851768832
  [0;36mAPI Key:[0m   eyJhbGciOiJIUzI1NiIsImtpZCI6IlNpbGljb25f...

[0;36mâ•â•â•â•â•â•â•â•â•â•â•â•â•â•â•â•â•â•â•â•â•â•â•â•â•â•â•â•â•â•â•â•â•â•â•â•â•â•â•â•[0m
[0;36m  Step 4: Creating Vast.ai Instance[0m
[0;36mâ•â•â•â•â•â•â•â•â•â•â•â•â•â•â•â•â•â•â•â•â•â•â•â•â•â•â•â•â•â•â•â•â•â•â•â•â•â•â•â•[0m
[0;34m[INFO][0m Creating instance from offer 7041910...
[0;34m[INFO][0m Using image: vastai/pytorch
{
 "new_contract": 28411427,
 "success": true
}
[0;32m[SUCCESS][0m Instance created: 28411427

[0;36mâ•â•â•â•â•â•â•â•â•â•â•â•â•â•â•â•â•â•â•â•â•â•â•â•â•â•â•â•â•â•â•â•â•â•â•â•â•â•â•â•[0m
[0;36m  Step 5: Waiting for Instance to be Ready[0m
[0;36mâ•â•â•â•â•â•â•â•â•â•â•â•â•â•â•â•â•â•â•â•â•â•â•â•â•â•â•â•â•â•â•â•â•â•â•â•â•â•â•â•[0m
  Status: [1;33munknown[0m (waited 0s)
  Status: [1;33munknown[0m (waited 10s)
  Status: [1;33munknown[0m (waited 20s)
  Status: [1;33mloading[0m (waited 30s)
  Status: [1;33mrunning[0m (waited 40s)
[0;32m[SUCCESS][0m Instance is running!
[0;34m[INFO][0m Waiting for onstart script to complete...
[0;34m[INFO][0m Monitoring logs for 'Setup Complete' message...
[K  [0;36mLast log:[0m Reading package lists...[0m    [K  [0;36mLast log:[0m      â”â”â”â”â”â”â”â”â”â”â”â”â”â”â”â”â”â”â”â”â”â”â”â”â”â”â”â”â”â”â”â”â”â”â”â”â”â”â”â” 49.0/49.0 KB 6.5 MB/s eta 0:00:00[0m    [K  [0;36mLast log:[0m   Downloading torch-2.9.1-cp310-cp310-manylinux_2_28_x86_64.whl (899.8 MB)[0m    [K  [0;36mLast log:[0m   Downloading nvidia_cusparse_cu12-12.5.8.93-py3-none-manylinux2014_x86_64.manylinux_2_17_x86_64.whl (288.2 MB)[0m    [K  [0;36mLast log:[0m   Downloading nvidia_cudnn_cu12-9.10.2.21-py3-none-manylinux_2_27_x86_64.whl (706.8 MB)[0m    [K  [0;36mLast log:[0m      â”â”â”â”â”â”â”â”â”â”â”â”â”â”â”â”â”â”â”â”â”â”â”â”â”â”â”â”â”â”â”â”â”â”â”â”â”â”â” 322.3/322.3 MB 7.6 MB/s eta 0:00:00[0m    [K  [0;36mLast log:[0m Collecting nvidia-cuda-cupti-cu12==12.8.90[0m    [K  [0;36mLast log:[0m   Downloading nvidia_cusolver_cu12-11.7.3.90-py3-none-manylinux_2_27_x86_64.whl (267.5 MB)[0m    [K  [0;36mLast log:[0m Installing collected packages: nvidia-cusparselt-cu12, mpmath, triton, sympy, nvidia-nvtx-cu12, nvidia-nvshmem-cu12, nvidia-nvjitlink-cu12, nvidia-nccl-cu12, nvidia-curand-cu12, nvidia-cufile-cu12, nvidia-cuda-runtime-cu12, nvidia-cuda-nvrtc-cu12, nvidia-cuda-cupti-cu12, nvidia-cublas-cu12, networkx, fsspec, filelock, nvidia-cusparse-cu12, nvidia-cufft-cu12, nvidia-cudnn-cu12, nvidia-cusolver-cu12, torch[0m    [K  [0;36mLast log:[0m Installing collected packages: nvidia-cusparselt-cu12, mpmath, triton, sympy, nvidia-nvtx-cu12, nvidia-nvshmem-cu12, nvidia-nvjitlink-cu12, nvidia-nccl-cu12, nvidia-curand-cu12, nvidia-cufile-cu12, nvidia-cuda-runtime-cu12, nvidia-cuda-nvrtc-cu12, nvidia-cuda-cupti-cu12, nvidia-cublas-cu12, networkx, fsspec, filelock, nvidia-cusparse-cu12, nvidia-cufft-cu12, nvidia-cudnn-cu12, nvidia-cusolver-cu12, torch[0m    [K  [0;36mLast log:[0m Installing collected packages: nvidia-cusparselt-cu12, mpmath, triton, sympy, nvidia-nvtx-cu12, nvidia-nvshmem-cu12, nvidia-nvjitlink-cu12, nvidia-nccl-cu12, nvidia-curand-cu12, nvidia-cufile-cu12, nvidia-cuda-runtime-cu12, nvidia-cuda-nvrtc-cu12, nvidia-cuda-cupti-cu12, nvidia-cublas-cu12, networkx, fsspec, filelock, nvidia-cusparse-cu12, nvidia-cufft-cu12, nvidia-cudnn-cu12, nvidia-cusolver-cu12, torch[0m    [K  [0;36mLast log:[0m Installing collected packages: nvidia-cusparselt-cu12, mpmath, triton, sympy, nvidia-nvtx-cu12, nvidia-nvshmem-cu12, nvidia-nvjitlink-cu12, nvidia-nccl-cu12, nvidia-curand-cu12, nvidia-cufile-cu12, nvidia-cuda-runtime-cu12, nvidia-cuda-nvrtc-cu12, nvidia-cuda-cupti-cu12, nvidia-cublas-cu12, networkx, fsspec, filelock, nvidia-cusparse-cu12, nvidia-cufft-cu12, nvidia-cudnn-cu12, nvidia-cusolver-cu12, torch[0m    [K  [0;36mLast log:[0m Installing collected packages: nvidia-cusparselt-cu12, mpmath, triton, sympy, nvidia-nvtx-cu12, nvidia-nvshmem-cu12, nvidia-nvjitlink-cu12, nvidia-nccl-cu12, nvidia-curand-cu12, nvidia-cufile-cu12, nvidia-cuda-runtime-cu12, nvidia-cuda-nvrtc-cu12, nvidia-cuda-cupti-cu12, nvidia-cublas-cu12, networkx, fsspec, filelock, nvidia-cusparse-cu12, nvidia-cufft-cu12, nvidia-cudnn-cu12, nvidia-cusolver-cu12, torch[0m    [K  [0;36mLast log:[0m Installing collected packages: nvidia-cusparselt-cu12, mpmath, triton, sympy, nvidia-nvtx-cu12, nvidia-nvshmem-cu12, nvidia-nvjitlink-cu12, nvidia-nccl-cu12, nvidia-curand-cu12, nvidia-cufile-cu12, nvidia-cuda-runtime-cu12, nvidia-cuda-nvrtc-cu12, nvidia-cuda-cupti-cu12, nvidia-cublas-cu12, networkx, fsspec, filelock, nvidia-cusparse-cu12, nvidia-cufft-cu12, nvidia-cudnn-cu12, nvidia-cusolver-cu12, torch[0m    [K  [0;36mLast log:[0m Installing collected packages: nvidia-cusparselt-cu12, mpmath, triton, sympy, nvidia-nvtx-cu12, nvidia-nvshmem-cu12, nvidia-nvjitlink-cu12, nvidia-nccl-cu12, nvidia-curand-cu12, nvidia-cufile-cu12, nvidia-cuda-runtime-cu12, nvidia-cuda-nvrtc-cu12, nvidia-cuda-cupti-cu12, nvidia-cublas-cu12, networkx, fsspec, filelock, nvidia-cusparse-cu12, nvidia-cufft-cu12, nvidia-cudnn-cu12, nvidia-cusolver-cu12, torch[0m    [K  [0;36mLast log:[0m Installing collected packages: nvidia-cusparselt-cu12, mpmath, triton, sympy, nvidia-nvtx-cu12, nvidia-nvshmem-cu12, nvidia-nvjitlink-cu12, nvidia-nccl-cu12, nvidia-curand-cu12, nvidia-cufile-cu12, nvidia-cuda-runtime-cu12, nvidia-cuda-nvrtc-cu12, nvidia-cuda-cupti-cu12, nvidia-cublas-cu12, networkx, fsspec, filelock, nvidia-cusparse-cu12, nvidia-cufft-cu12, nvidia-cudnn-cu12, nvidia-cusolver-cu12, torch[0m    [K  [0;36mLast log:[0m === Setup Complete, Agent Ready ===[0m    
[0;32m[SUCCESS][0m Setup complete detected in logs!

[0;32m[SUCCESS][0m Setup completed successfully

[0;36mâ•â•â•â•â•â•â•â•â•â•â•â•â•â•â•â•â•â•â•â•â•â•â•â•â•â•â•â•â•â•â•â•â•â•â•â•â•â•â•â•[0m
[0;36m  Step 6: Getting SSH Connection Details[0m
[0;36mâ•â•â•â•â•â•â•â•â•â•â•â•â•â•â•â•â•â•â•â•â•â•â•â•â•â•â•â•â•â•â•â•â•â•â•â•â•â•â•â•[0m
[0;32m[SUCCESS][0m SSH connection: root@ssh3.vast.ai:11426

[0;36mâ•â•â•â•â•â•â•â•â•â•â•â•â•â•â•â•â•â•â•â•â•â•â•â•â•â•â•â•â•â•â•â•â•â•â•â•â•â•â•â•[0m
[0;36m  Step 7: Running SiliconMark QuickMark Benchmark[0m
[0;36mâ•â•â•â•â•â•â•â•â•â•â•â•â•â•â•â•â•â•â•â•â•â•â•â•â•â•â•â•â•â•â•â•â•â•â•â•â•â•â•â•[0m
[0;34m[INFO][0m Connecting via SSH and running benchmark...
[0;34m[INFO][0m This typically takes 2-5 minutes...
Warning: Permanently added '[ssh3.vast.ai]:11426' (ED25519) to the list of known hosts.
Welcome to vast.ai. If authentication fails, try again after a few seconds, and double check your ssh key.
Have fun!
-rwxr-xr-x 1 root root 32632208 Nov 24 17:34 /workspace/agent
[0;34m[INFO][0m Executing SiliconMark agent with API key...
Warning: Permanently added '[ssh3.vast.ai]:11426' (ED25519) to the list of known hosts.
Welcome to vast.ai. If authentication fails, try again after a few seconds, and double check your ssh key.
Have fun!
[0;32m[SUCCESS][0m Benchmark completed!

[0;36mâ•â•â•â•â•â•â•â•â•â•â•â•â•â•â•â•â•â•â•â•â•â•â•â•â•â•â•â•â•â•â•â•â•â•â•â•â•â•â•â•[0m
[0;36m  Step 8: Parsing and Saving Results[0m
[0;36mâ•â•â•â•â•â•â•â•â•â•â•â•â•â•â•â•â•â•â•â•â•â•â•â•â•â•â•â•â•â•â•â•â•â•â•â•â•â•â•â•[0m
[0;34m[INFO][0m Raw result saved to siliconmark_output.json
[0;32m[SUCCESS][0m Benchmark Results:
  [0;36mGPU:[0m                (x0)
  [0;36mBF16 TFLOPS:[0m       0
  [0;36mFP16 TFLOPS:[0m       0
  [0;36mFP32 TFLOPS:[0m       0
  [0;36mMixed Precision:[0m   0 TFLOPS
  [0;36mMemory BW:[0m         0 GB/s
  [0;36mPower:[0m             0 W
  [0;36mTemperature:[0m       0 Â°C
[0;32m[SUCCESS][0m Results appended to /Users/jai/Documents/GitHub/vastai/quickmark_results.json

[0;36mâ•â•â•â•â•â•â•â•â•â•â•â•â•â•â•â•â•â•â•â•â•â•â•â•â•â•â•â•â•â•â•â•â•â•â•â•â•â•â•â•[0m
[0;36m  Step 9: Destroying Instance[0m
[0;36mâ•â•â•â•â•â•â•â•â•â•â•â•â•â•â•â•â•â•â•â•â•â•â•â•â•â•â•â•â•â•â•â•â•â•â•â•â•â•â•â•[0m
[0;34m[INFO][0m Destroying instance 28411427...
null
[0;32m[SUCCESS][0m Instance destroyed

[0;36mâ•â•â•â•â•â•â•â•â•â•â•â•â•â•â•â•â•â•â•â•â•â•â•â•â•â•â•â•â•â•â•â•â•â•â•â•â•â•â•â•[0m
[0;36m  Benchmark Complete![0m
[0;36mâ•â•â•â•â•â•â•â•â•â•â•â•â•â•â•â•â•â•â•â•â•â•â•â•â•â•â•â•â•â•â•â•â•â•â•â•â•â•â•â•[0m
[0;32mSummary:[0m
  Machine ID:      11611
  GPU:             
  QuickMark Score: [0;32m0[0m BF16 TFLOPS
  DLPerf:          114.86480076602817
  Results saved:   /Users/jai/Documents/GitHub/vastai/quickmark_results.json

[0;36mTip:[0m Refresh your dashboard to see the new data point!
